[    0.000000] Linux version 4.15.0-212-generic (buildd@lcy02-amd64-083) (gcc version 7.5.0 (Ubuntu 7.5.0-3ubuntu1~18.04)) #223-Ubuntu SMP Tue May 23 13:09:22 UTC 2023 (Ubuntu 4.15.0-212.223-generic 4.15.18)
[    0.000000] Command line: BOOT_IMAGE=/boot/vmlinuz-4.15.0-212-generic root=LABEL=cloudimg-rootfs ro console=tty1 console=ttyS0
[    0.000000] KERNEL supported cpus:
[    0.000000]   Intel GenuineIntel
[    0.000000]   AMD AuthenticAMD
[    0.000000]   Centaur CentaurHauls
[    0.000000] x86/fpu: x87 FPU will use FXSAVE
[    0.000000] e820: BIOS-provided physical RAM map:
[    0.000000] BIOS-e820: [mem 0x0000000000000000-0x000000000009fbff] usable
[    0.000000] BIOS-e820: [mem 0x000000000009fc00-0x000000000009ffff] reserved
[    0.000000] BIOS-e820: [mem 0x00000000000f0000-0x00000000000fffff] reserved
[    0.000000] BIOS-e820: [mem 0x0000000000100000-0x000000003ffeffff] usable
[    0.000000] BIOS-e820: [mem 0x000000003fff0000-0x000000003fffffff] ACPI data
[    0.000000] BIOS-e820: [mem 0x00000000fec00000-0x00000000fec00fff] reserved
[    0.000000] BIOS-e820: [mem 0x00000000fee00000-0x00000000fee00fff] reserved
[    0.000000] BIOS-e820: [mem 0x00000000fffc0000-0x00000000ffffffff] reserved
[    0.000000] NX (Execute Disable) protection: active
[    0.000000] SMBIOS 2.5 present.
[    0.000000] DMI: innotek GmbH VirtualBox/VirtualBox, BIOS VirtualBox 12/01/2006
[    0.000000] Hypervisor detected: KVM
[    0.000000] e820: last_pfn = 0x3fff0 max_arch_pfn = 0x400000000
[    0.000000] MTRR: Disabled
[    0.000000] x86/PAT: MTRRs disabled, skipping PAT initialization too.
[    0.000000] CPU MTRRs all blank - virtualized system.
[    0.000000] x86/PAT: Configuration [0-7]: WB  WT  UC- UC  WB  WT  UC- UC  
[    0.000000] found SMP MP-table at [mem 0x0009fff0-0x0009ffff]
[    0.000000] Scanning 1 areas for low memory corruption
[    0.000000] RAMDISK: [mem 0x359cb000-0x36cdcfff]
[    0.000000] ACPI: Early table checksum verification disabled
[    0.000000] ACPI: RSDP 0x00000000000E0000 000024 (v02 VBOX  )
[    0.000000] ACPI: XSDT 0x000000003FFF0030 00003C (v01 VBOX   VBOXXSDT 00000001 ASL  00000061)
[    0.000000] ACPI: FACP 0x000000003FFF00F0 0000F4 (v04 VBOX   VBOXFACP 00000001 ASL  00000061)
[    0.000000] ACPI: DSDT 0x000000003FFF0610 002353 (v02 VBOX   VBOXBIOS 00000002 INTL 20100528)
[    0.000000] ACPI: FACS 0x000000003FFF0200 000040
[    0.000000] ACPI: FACS 0x000000003FFF0200 000040
[    0.000000] ACPI: APIC 0x000000003FFF0240 00005C (v02 VBOX   VBOXAPIC 00000001 ASL  00000061)
[    0.000000] ACPI: SSDT 0x000000003FFF02A0 00036C (v01 VBOX   VBOXCPUT 00000002 INTL 20100528)
[    0.000000] ACPI: Reserving FACP table memory at [mem 0x3fff00f0-0x3fff01e3]
[    0.000000] ACPI: Reserving DSDT table memory at [mem 0x3fff0610-0x3fff2962]
[    0.000000] ACPI: Reserving FACS table memory at [mem 0x3fff0200-0x3fff023f]
[    0.000000] ACPI: Reserving FACS table memory at [mem 0x3fff0200-0x3fff023f]
[    0.000000] ACPI: Reserving APIC table memory at [mem 0x3fff0240-0x3fff029b]
[    0.000000] ACPI: Reserving SSDT table memory at [mem 0x3fff02a0-0x3fff060b]
[    0.000000] No NUMA configuration found
[    0.000000] Faking a node at [mem 0x0000000000000000-0x000000003ffeffff]
[    0.000000] NODE_DATA(0) allocated [mem 0x3ffc5000-0x3ffeffff]
[    0.000000] kvm-clock: cpu 0, msr 0:3ff44001, primary cpu clock
[    0.000000] kvm-clock: Using msrs 4b564d01 and 4b564d00
[    0.000000] kvm-clock: using sched offset of 8992169993 cycles
[    0.000000] clocksource: kvm-clock: mask: 0xffffffffffffffff max_cycles: 0x1cd42e4dffb, max_idle_ns: 881590591483 ns
[    0.000000] Zone ranges:
[    0.000000]   DMA      [mem 0x0000000000001000-0x0000000000ffffff]
[    0.000000]   DMA32    [mem 0x0000000001000000-0x000000003ffeffff]
[    0.000000]   Normal   empty
[    0.000000]   Device   empty
[    0.000000] Movable zone start for each node
[    0.000000] Early memory node ranges
[    0.000000]   node   0: [mem 0x0000000000001000-0x000000000009efff]
[    0.000000]   node   0: [mem 0x0000000000100000-0x000000003ffeffff]
[    0.000000] Reserved but unavailable: 104 pages
[    0.000000] Initmem setup node 0 [mem 0x0000000000001000-0x000000003ffeffff]
[    0.000000] ACPI: PM-Timer IO Port: 0x4008
[    0.000000] IOAPIC[0]: apic_id 2, version 32, address 0xfec00000, GSI 0-23
[    0.000000] ACPI: INT_SRC_OVR (bus 0 bus_irq 0 global_irq 2 dfl dfl)
[    0.000000] ACPI: INT_SRC_OVR (bus 0 bus_irq 9 global_irq 9 low level)
[    0.000000] Using ACPI (MADT) for SMP configuration information
[    0.000000] smpboot: Allowing 2 CPUs, 0 hotplug CPUs
[    0.000000] PM: Registered nosave memory: [mem 0x00000000-0x00000fff]
[    0.000000] PM: Registered nosave memory: [mem 0x0009f000-0x0009ffff]
[    0.000000] PM: Registered nosave memory: [mem 0x000a0000-0x000effff]
[    0.000000] PM: Registered nosave memory: [mem 0x000f0000-0x000fffff]
[    0.000000] e820: [mem 0x40000000-0xfebfffff] available for PCI devices
[    0.000000] Booting paravirtualized kernel on KVM
[    0.000000] clocksource: refined-jiffies: mask: 0xffffffff max_cycles: 0xffffffff, max_idle_ns: 7645519600211568 ns
[    0.000000] setup_percpu: NR_CPUS:8192 nr_cpumask_bits:2 nr_cpu_ids:2 nr_node_ids:1
[    0.000000] percpu: Embedded 50 pages/cpu s167936 r8192 d28672 u1048576
[    0.000000] PV qspinlock hash table entries: 256 (order: 0, 4096 bytes)
[    0.000000] Built 1 zonelists, mobility grouping on.  Total pages: 257913
[    0.000000] Policy zone: DMA32
[    0.000000] Kernel command line: BOOT_IMAGE=/boot/vmlinuz-4.15.0-212-generic root=LABEL=cloudimg-rootfs ro console=tty1 console=ttyS0
[    0.000000] Memory: 982644K/1048120K available (12300K kernel code, 2477K rwdata, 4324K rodata, 2480K init, 2720K bss, 65476K reserved, 0K cma-reserved)
[    0.000000] SLUB: HWalign=64, Order=0-3, MinObjects=0, CPUs=2, Nodes=1
[    0.000000] Kernel/User page tables isolation: enabled
[    0.000000] ftrace: allocating 39508 entries in 155 pages
[    0.004000] Hierarchical RCU implementation.
[    0.004000] 	RCU restricting CPUs from NR_CPUS=8192 to nr_cpu_ids=2.
[    0.004000] 	Tasks RCU enabled.
[    0.004000] RCU: Adjusting geometry for rcu_fanout_leaf=16, nr_cpu_ids=2
[    0.004000] NR_IRQS: 524544, nr_irqs: 440, preallocated irqs: 16
[    0.004000] random: crng init done
[    0.004000] Console: colour VGA+ 80x25
[    0.004000] console [tty1] enabled
[    0.004000] console [ttyS0] enabled
[    0.004000] ACPI: Core revision 20170831
[    0.004000] ACPI: 2 ACPI AML tables successfully acquired and loaded
[    0.004000] APIC: Switch to symmetric I/O mode setup
[    0.004000] ..TIMER: vector=0x30 apic1=0 pin1=2 apic2=-1 pin2=-1
[    0.004015] tsc: Detected 1696.074 MHz processor
[    0.008022] Calibrating delay loop (skipped) preset value.. 3392.14 BogoMIPS (lpj=6784296)
[    0.012012] pid_max: default: 32768 minimum: 301
[    0.016214] Security Framework initialized
[    0.020042] Yama: becoming mindful.
[    0.028221] AppArmor: AppArmor initialized
[    0.050361] Dentry cache hash table entries: 131072 (order: 8, 1048576 bytes)
[    0.065031] Inode-cache hash table entries: 65536 (order: 7, 524288 bytes)
[    0.068193] Mount-cache hash table entries: 2048 (order: 2, 16384 bytes)
[    0.072245] Mountpoint-cache hash table entries: 2048 (order: 2, 16384 bytes)
[    0.081932] Last level iTLB entries: 4KB 1024, 2MB 1024, 4MB 1024
[    0.084015] Last level dTLB entries: 4KB 1024, 2MB 1024, 4MB 1024, 1GB 4
[    0.092014] Spectre V1 : Mitigation: usercopy/swapgs barriers and __user pointer sanitization
[    0.096016] Spectre V2 : Mitigation: Retpolines
[    0.100009] Spectre V2 : Spectre v2 / SpectreRSB mitigation: Filling RSB on context switch
[    0.104010] Spectre V2 : Spectre v2 / SpectreRSB : Filling RSB on VMEXIT
[    0.108012] Speculative Store Bypass: Vulnerable
[    0.112097] MDS: Mitigation: Clear CPU buffers
[    0.116011] MMIO Stale Data: Unknown: No mitigations
[    0.120013] SRBDS: Unknown: Dependent on hypervisor status
[    0.124313] Freeing SMP alternatives memory: 36K
[    0.254295] APIC calibration not consistent with PM-Timer: 103ms instead of 100ms
[    0.256000] APIC delta adjusted to PM-Timer: 6415977 (6615579)
[    0.257389] smpboot: CPU0: Intel(R) Core(TM) i3-4005U CPU @ 1.70GHz (family: 0x6, model: 0x45, stepping: 0x1)
[    0.260000] Performance Events: unsupported p6 CPU model 69 no PMU driver, software events only.
[    0.260295] Hierarchical SRCU implementation.
[    0.269737] NMI watchdog: Perf event create on CPU 0 failed with -2
[    0.272178] NMI watchdog: Perf NMI watchdog permanently disabled
[    0.280286] smp: Bringing up secondary CPUs ...
[    0.288583] x86: Booting SMP configuration:
[    0.292012] .... node  #0, CPUs:      #1
[    0.004000] kvm-clock: cpu 1, msr 0:3ff44041, secondary cpu clock
[    0.330501] TSC synchronization [CPU#0 -> CPU#1]:
[    0.332000] Measured 104169 cycles TSC warp between CPUs, turning off TSC clock.
[    0.332000] tsc: Marking TSC unstable due to check_tsc_sync_source failed
[    0.340747] smp: Brought up 1 node, 2 CPUs
[    0.344020] smpboot: Max logical packages: 1
[    0.352029] smpboot: Total of 2 processors activated (6784.29 BogoMIPS)
[    0.365818] devtmpfs: initialized
[    0.368351] x86/mm: Memory block size: 128MB
[    0.373291] evm: security.selinux
[    0.376013] evm: security.SMACK64
[    0.380014] evm: security.SMACK64EXEC
[    0.384013] evm: security.SMACK64TRANSMUTE
[    0.388012] evm: security.SMACK64MMAP
[    0.392012] evm: security.apparmor
[    0.396011] evm: security.ima
[    0.400012] evm: security.capability
[    0.412576] clocksource: jiffies: mask: 0xffffffff max_cycles: 0xffffffff, max_idle_ns: 7645041785100000 ns
[    0.416038] futex hash table entries: 512 (order: 3, 32768 bytes)
[    0.420537] pinctrl core: initialized pinctrl subsystem
[    0.425271] RTC time:  4:55:09, date: 08/06/24
[    0.432907] NET: Registered protocol family 16
[    0.436360] audit: initializing netlink subsys (disabled)
[    0.444523] audit: type=2000 audit(1722920117.140:1): state=initialized audit_enabled=0 res=1
[    0.472043] cpuidle: using governor ladder
[    0.476032] cpuidle: using governor menu
[    0.480143] ACPI: bus type PCI registered
[    0.484031] acpiphp: ACPI Hot Plug PCI Controller Driver version: 0.5
[    0.493212] PCI: Using configuration type 1 for base access
[    0.508375] HugeTLB registered 2.00 MiB page size, pre-allocated 0 pages
[    0.525388] ACPI: Added _OSI(Module Device)
[    0.528014] ACPI: Added _OSI(Processor Device)
[    0.532016] ACPI: Added _OSI(3.0 _SCP Extensions)
[    0.536014] ACPI: Added _OSI(Processor Aggregator Device)
[    0.540014] ACPI: Added _OSI(Linux-Dell-Video)
[    0.544024] ACPI: Added _OSI(Linux-Lenovo-NV-HDMI-Audio)
[    0.548019] ACPI: Added _OSI(Linux-HPI-Hybrid-Graphics)
[    0.558964] ACPI: Executed 1 blocks of module-level executable AML code
[    0.577950] ACPI: Interpreter enabled
[    0.580055] ACPI: (supports S0 S5)
[    0.584010] ACPI: Using IOAPIC for interrupt routing
[    0.592918] PCI: Using host bridge windows from ACPI; if necessary, use "pci=nocrs" and report a bug
[    0.596654] ACPI: Enabled 2 GPEs in block 00 to 07
[    0.640870] ACPI: PCI Root Bridge [PCI0] (domain 0000 [bus 00-ff])
[    0.644036] acpi PNP0A03:00: _OSC: OS supports [ASPM ClockPM Segments MSI]
[    0.650694] acpi PNP0A03:00: _OSC: not requesting OS control; OS requires [ExtendedConfig ASPM ClockPM MSI]
[    0.652050] acpi PNP0A03:00: fail to add MMCONFIG information, can't access extended PCI configuration space under this bridge.
[    0.658697] PCI host bridge to bus 0000:00
[    0.660034] pci_bus 0000:00: root bus resource [io  0x0000-0x0cf7 window]
[    0.664020] pci_bus 0000:00: root bus resource [io  0x0d00-0xffff window]
[    0.668016] pci_bus 0000:00: root bus resource [mem 0x000a0000-0x000bffff window]
[    0.672019] pci_bus 0000:00: root bus resource [mem 0x40000000-0xfdffffff window]
[    0.676018] pci_bus 0000:00: root bus resource [bus 00-ff]
[    0.700754] pci 0000:00:01.1: legacy IDE quirk: reg 0x10: [io  0x01f0-0x01f7]
[    0.704014] pci 0000:00:01.1: legacy IDE quirk: reg 0x14: [io  0x03f6]
[    0.708014] pci 0000:00:01.1: legacy IDE quirk: reg 0x18: [io  0x0170-0x0177]
[    0.712015] pci 0000:00:01.1: legacy IDE quirk: reg 0x1c: [io  0x0376]
[    0.774602] pci 0000:00:07.0: quirk: [io  0x4000-0x403f] claimed by PIIX4 ACPI
[    0.776105] pci 0000:00:07.0: quirk: [io  0x4100-0x410f] claimed by PIIX4 SMB
[    0.819719] ACPI: PCI Interrupt Link [LNKA] (IRQs 5 9 10 *11)
[    0.825961] ACPI: PCI Interrupt Link [LNKB] (IRQs 5 9 *10 11)
[    0.832659] ACPI: PCI Interrupt Link [LNKC] (IRQs 5 *9 10 11)
[    0.837046] ACPI: PCI Interrupt Link [LNKD] (IRQs 5 9 10 *11)
[    0.842554] SCSI subsystem initialized
[    0.848446] pci 0000:00:02.0: vgaarb: setting as boot VGA device
[    0.852000] pci 0000:00:02.0: vgaarb: VGA device added: decodes=io+mem,owns=io+mem,locks=none
[    0.852020] pci 0000:00:02.0: vgaarb: bridge control possible
[    0.856011] vgaarb: loaded
[    0.860241] ACPI: bus type USB registered
[    0.864073] usbcore: registered new interface driver usbfs
[    0.868178] usbcore: registered new interface driver hub
[    0.872063] usbcore: registered new device driver usb
[    0.876857] EDAC MC: Ver: 3.0.0
[    0.892149] PCI: Using ACPI for IRQ routing
[    0.901061] NetLabel: Initializing
[    0.904012] NetLabel:  domain hash size = 128
[    0.908011] NetLabel:  protocols = UNLABELED CIPSOv4 CALIPSO
[    0.912061] NetLabel:  unlabeled traffic allowed by default
[    0.920961] clocksource: Switched to clocksource kvm-clock
[    0.958193] VFS: Disk quotas dquot_6.6.0
[    0.958193] VFS: Dquot-cache hash table entries: 512 (order 0, 4096 bytes)
[    0.958193] AppArmor: AppArmor Filesystem Enabled
[    0.958193] pnp: PnP ACPI init
[    0.958193] pnp: PnP ACPI: found 3 devices
[    1.239305] clocksource: acpi_pm: mask: 0xffffff max_cycles: 0xffffff, max_idle_ns: 2085701024 ns
[    1.241262] NET: Registered protocol family 2
[    1.241262] IP idents hash table entries: 16384 (order: 5, 131072 bytes)
[    1.295321] TCP established hash table entries: 8192 (order: 4, 65536 bytes)
[    1.315497] TCP bind hash table entries: 8192 (order: 5, 131072 bytes)
[    1.332706] TCP: Hash tables configured (established 8192 bind 8192)
[    1.335549] UDP hash table entries: 512 (order: 2, 16384 bytes)
[    1.335549] UDP-Lite hash table entries: 512 (order: 2, 16384 bytes)
[    1.335549] NET: Registered protocol family 1
[    1.335549] pci 0000:00:00.0: Limiting direct PCI/PCI transfers
[    1.335549] pci 0000:00:01.0: Activating ISA DMA hang workarounds
[    1.335549] pci 0000:00:02.0: Video device with shadowed ROM at [mem 0x000c0000-0x000dffff]
[    1.335549] Unpacking initramfs...
[    2.932898] Freeing initrd memory: 19528K
[    2.952344] clocksource: tsc: mask: 0xffffffffffffffff max_cycles: 0x1872aa7eed8, max_idle_ns: 440795242723 ns
[    2.982465] platform rtc_cmos: registered platform RTC device (no PNP device found)
[    3.003347] Scanning for low memory corruption every 60 seconds
[    3.027708] Initialise system trusted keyrings
[    3.041356] Key type blacklist registered
[    3.055042] workingset: timestamp_bits=36 max_order=18 bucket_order=0
[    3.081449] zbud: loaded
[    3.094048] squashfs: version 4.0 (2009/01/31) Phillip Lougher
[    3.114468] fuse init (API version 7.26)
[    3.205948] Key type asymmetric registered
[    3.222585] Asymmetric key parser 'x509' registered
[    3.239487] Block layer SCSI generic (bsg) driver version 0.4 loaded (major 246)
[    3.264832] io scheduler noop registered
[    3.278876] io scheduler deadline registered
[    3.293348] io scheduler cfq registered (default)
[    3.313914] ACPI: AC Adapter [AC] (on-line)
[    3.329268] input: Power Button as /devices/LNXSYSTM:00/LNXPWRBN:00/input/input0
[    3.355501] ACPI: Power Button [PWRF]
[    3.369966] input: Sleep Button as /devices/LNXSYSTM:00/LNXSLPBN:00/input/input1
[    3.392720] ACPI: Sleep Button [SLPF]
[    3.413774] Serial: 8250/16550 driver, 32 ports, IRQ sharing enabled
[    3.414886] ACPI: Battery Slot [BAT0] (battery present)
[    3.522831] 00:02: ttyS0 at I/O 0x3f8 (irq = 4, base_baud = 115200) is a 16550A
[    3.567409] Linux agpgart interface v0.103
[    3.612467] loop: module loaded
[    3.631366] scsi host0: ata_piix
[    3.644603] scsi host1: ata_piix
[    3.654092] ata1: PATA max UDMA/33 cmd 0x1f0 ctl 0x3f6 bmdma 0xd000 irq 14
[    3.657864] ata2: PATA max UDMA/33 cmd 0x170 ctl 0x376 bmdma 0xd008 irq 15
[    3.693793] tun: Universal TUN/TAP device driver, 1.6
[    3.710959] PPP generic driver version 2.4.2
[    3.726044] ehci_hcd: USB 2.0 'Enhanced' Host Controller (EHCI) Driver
[    3.743105] ehci-pci: EHCI PCI platform driver
[    3.756882] ehci-platform: EHCI generic platform driver
[    3.769241] ohci_hcd: USB 1.1 'Open' Host Controller (OHCI) Driver
[    3.786215] ohci-pci: OHCI PCI platform driver
[    3.798038] ohci-platform: OHCI generic platform driver
[    3.813362] uhci_hcd: USB Universal Host Controller Interface driver
[    3.831205] i8042: PNP: PS/2 Controller [PNP0303:PS2K,PNP0f03:PS2M] at 0x60,0x64 irq 1,12
[    3.867152] serio: i8042 KBD port at 0x60,0x64 irq 1
[    3.883753] serio: i8042 AUX port at 0x60,0x64 irq 12
[    3.987015] mousedev: PS/2 mouse device common for all mice
[    4.018662] input: AT Translated Set 2 keyboard as /devices/platform/i8042/serio0/input/input2
[    4.055067] rtc_cmos rtc_cmos: rtc core: registered rtc_cmos as rtc0
[    4.079269] rtc_cmos rtc_cmos: alarms up to one day, 114 bytes nvram
[    4.101416] i2c /dev entries driver
[    4.115266] device-mapper: uevent: version 1.0.3
[    4.135780] device-mapper: ioctl: 4.37.0-ioctl (2017-09-20) initialised: dm-devel@redhat.com
[    4.163693] ledtrig-cpu: registered to indicate activity on CPUs
[    4.202194] NET: Registered protocol family 10
[    4.263833] Segment Routing with IPv6
[    4.276890] NET: Registered protocol family 17
[    4.294807] Key type dns_resolver registered
[    4.313773] mce: Using 0 MCE banks
[    4.326796] RAS: Correctable Errors collector initialized.
[    4.343347] sched_clock: Marking stable (4343043218, 0)->(8161920680, -3818877462)
[    4.381299] registered taskstats version 1
[    4.393537] Loading compiled-in X.509 certificates
[    4.434873] Loaded X.509 cert 'Build time autogenerated kernel key: b5b26778eaa3ab3a4a6cee031137706e947d12ad'
[    4.470747] Loaded X.509 cert 'Canonical Ltd. Live Patch Signing: 14df34d1a87cf37625abec039ef2bf521249b969'
[    4.505646] Loaded X.509 cert 'Canonical Ltd. Kernel Module Signing: 88f752e560a1e0737e31163a466ad7b70a850c19'
[    4.536730] blacklist: Loading compiled-in revocation X.509 certificates
[    4.558456] Loaded X.509 cert 'Canonical Ltd. Secure Boot Signing: 61482aa2830d0ab2ad5af10b7250da9033ddcef0'
[    4.590163] Loaded X.509 cert 'Canonical Ltd. Secure Boot Signing (2017): 242ade75ac4a15e50d50c84b0d45ff3eae707a03'
[    4.618304] Loaded X.509 cert 'Canonical Ltd. Secure Boot Signing (ESM 2018): 365188c1d374d6b07c3c8f240f8ef722433d6a8b'
[    4.648976] Loaded X.509 cert 'Canonical Ltd. Secure Boot Signing (2019): c0746fd6c5da3ae827864651ad66ae47fe24b3e8'
[    4.678031] Loaded X.509 cert 'Canonical Ltd. Secure Boot Signing (2021 v1): a8d54bbb3825cfb94fa13c9f8a594a195c107b8d'
[    4.706710] Loaded X.509 cert 'Canonical Ltd. Secure Boot Signing (2021 v2): 4cf046892d6fd3c9a5b03f98d845f90851dc6a8c'
[    4.734548] Loaded X.509 cert 'Canonical Ltd. Secure Boot Signing (2021 v3): 100437bb6de6e469b581e61cd66bce3ef4ed53af'
[    4.762134] Loaded X.509 cert 'Canonical Ltd. Secure Boot Signing (Ubuntu Core 2019): c1d57b8f6b743f23ee41f4f7ee292f06eecadfb9'
[    4.792461] zswap: loaded using pool lzo/zbud
[    4.843325] Key type big_key registered
[    4.855372] Key type trusted registered
[    4.881560] Key type encrypted registered
[    4.894244] AppArmor: AppArmor sha1 policy hashing enabled
[    4.910840] ima: No TPM chip found, activating TPM-bypass! (rc=-19)
[    4.930638] ima: Allocated hash algorithm: sha1
[    4.945857] evm: HMAC attrs: 0x1
[    4.960949]   Magic number: 4:774:918
[    4.975065] rtc_cmos rtc_cmos: setting system clock to 2024-08-06 04:55:14 UTC (1722920114)
[    5.004077] BIOS EDD facility v0.16 2004-Jun-25, 0 devices found
[    5.024180] EDD information not available.
[    5.049830] Freeing unused kernel image memory: 2480K
[    5.239391] Write protecting the kernel read-only data: 20480k
[    5.257685] Freeing unused kernel image memory: 2008K
[    5.273976] Freeing unused kernel image memory: 1820K
[    5.304488] x86/mm: Checked W+X mappings: passed, no W+X pages found.
[    5.321872] x86/mm: Checking user space page tables
[    5.358112] x86/mm: Checked W+X mappings: passed, no W+X pages found.
Loading, please wait...
starting version 237
[    5.940652] e1000: Intel(R) PRO/1000 Network Driver - version 7.3.21-k8-NAPI
[    5.941442] Fusion MPT base driver 3.04.20
[    5.973684] e1000: Copyright (c) 1999-2006 Intel Corporation.
[    5.995649] Copyright (c) 1999-2008 LSI Corporation
[    6.341749] SSE version of gcm_enc/dec engaged.
[    6.411664] Fusion MPT SPI Host driver 3.04.20
[    6.419780] input: ImExPS/2 Generic Explorer Mouse as /devices/platform/i8042/serio1/input/input4
[    7.954970] e1000 0000:00:03.0 eth0: (PCI:33MHz:32-bit) 02:3b:7b:b7:3b:2d
[    7.978317] e1000 0000:00:03.0 eth0: Intel(R) PRO/1000 Network Connection
[    8.008353] mptbase: ioc0: Initiating bringup
[    8.171278] ioc0: LSI53C1030 A0: Capabilities={Initiator}
[    8.489624] scsi host2: ioc0: LSI53C1030 A0, FwRev=00000000h, Ports=1, MaxQ=256, IRQ=20
[    8.729022] scsi 2:0:0:0: Direct-Access     VBOX     HARDDISK         1.0  PQ: 0 ANSI: 5
[    9.372809] scsi target2:0:0: Beginning Domain Validation
[    9.510697] scsi target2:0:0: Domain Validation skipping write tests
[    9.542114] scsi target2:0:0: Ending Domain Validation
[    9.565000] scsi target2:0:0: asynchronous
[    9.597614] scsi 2:0:1:0: Direct-Access     VBOX     HARDDISK         1.0  PQ: 0 ANSI: 5
[   10.020269] scsi target2:0:1: Beginning Domain Validation
[   10.071773] scsi target2:0:1: Domain Validation skipping write tests
[   10.102814] scsi target2:0:1: Ending Domain Validation
[   10.181444] scsi target2:0:1: asynchronous
[   10.282029] sd 2:0:0:0: Attached scsi generic sg0 type 0
[   10.314526] sd 2:0:1:0: Attached scsi generic sg1 type 0
[   10.349798] sd 2:0:1:0: [sdb] 20480 512-byte logical blocks: (10.5 MB/10.0 MiB)
[   10.387542] sd 2:0:1:0: [sdb] Write Protect is off
[   10.406287] sd 2:0:1:0: [sdb] Incomplete mode parameter data
[   10.425292] sd 2:0:1:0: [sdb] Assuming drive cache: write through
[   10.453952] sd 2:0:0:0: [sda] 83886080 512-byte logical blocks: (42.9 GB/40.0 GiB)
[   10.493572] sd 2:0:0:0: [sda] Write Protect is off
[   10.553593] sd 2:0:0:0: [sda] Incomplete mode parameter data
[   10.589863] sd 2:0:0:0: [sda] Assuming drive cache: write through
[   10.625860] sd 2:0:1:0: [sdb] Attached SCSI disk
[   10.675294]  sda: sda1
[   10.696021] sd 2:0:0:0: [sda] Attached SCSI disk
[   11.664021] e1000 0000:00:08.0 eth1: (PCI:33MHz:32-bit) 08:00:27:29:e0:9b
[   11.752039] e1000 0000:00:08.0 eth1: Intel(R) PRO/1000 Network Connection
[   11.794241] e1000 0000:00:03.0 enp0s3: renamed from eth0
[   12.118059] e1000 0000:00:08.0 enp0s8: renamed from eth1
[  572.880306] INFO: rcu_sched self-detected stall on CPU
[  572.897023] 	0-...!: (1 GPs behind) idle=57a/1/0 softirq=955/956 fqs=0 
[  572.917465] 	 (t=140185 jiffies g=-68 c=-69 q=95)
[  572.935336] rcu_sched kthread starved for 140185 jiffies! g18446744073709551548 c18446744073709551547 f0x0 RCU_GP_WAIT_FQS(3) ->state=0x402 ->cpu=1
[  572.979847] rcu_sched       I    0     8      2 0x80000000
[  573.001797] Call Trace:
[  573.010674]  __schedule+0x24e/0x890
[  573.024625]  schedule+0x2c/0x80
[  573.035631]  schedule_timeout+0x15d/0x370
[  573.049038]  ? __next_timer_interrupt+0xe0/0xe0
[  573.064436]  rcu_gp_kthread+0x53a/0x980
[  573.077280]  kthread+0x121/0x140
[  573.088038]  ? rcu_note_context_switch+0x150/0x150
[  573.104763]  ? kthread_create_worker_on_cpu+0x70/0x70
[  573.122485]  ret_from_fork+0x35/0x40
[  573.133553] NMI backtrace for cpu 0
[  573.144297] CPU: 0 PID: 0 Comm: swapper/0 Not tainted 4.15.0-212-generic #223-Ubuntu
[  573.167374] Hardware name: innotek GmbH VirtualBox/VirtualBox, BIOS VirtualBox 12/01/2006
[  573.191545] Call Trace:
[  573.199119]  <IRQ>
[  573.205975]  dump_stack+0x6d/0x8b
[  573.215818]  nmi_cpu_backtrace+0x94/0xa0
[  573.228452]  ? lapic_can_unplug_cpu+0xb0/0xb0
[  573.241099]  nmi_trigger_cpumask_backtrace+0xe7/0x130
[  573.255855]  arch_trigger_cpumask_backtrace+0x19/0x20
[  573.270276]  rcu_dump_cpu_stacks+0xa3/0xd5
[  573.282142]  rcu_check_callbacks+0x6cd/0x8e0
[  573.296454]  ? tick_sched_do_timer+0x50/0x50
[  573.309493]  update_process_times+0x2f/0x60
[  573.322384]  tick_sched_handle+0x26/0x70
[  573.334980]  ? tick_sched_do_timer+0x42/0x50
[  573.347312]  tick_sched_timer+0x39/0x80
[  573.361936]  __hrtimer_run_queues+0xdf/0x230
[  573.376077]  hrtimer_interrupt+0x97/0x180
[  573.392096]  smp_apic_timer_interrupt+0x6f/0x140
[  573.410558]  apic_timer_interrupt+0x90/0xa0
[  573.425601]  </IRQ>
[  573.435523] RIP: 0010:native_safe_halt+0x12/0x20
[  573.452519] RSP: 0018:ffffffffb9203e28 EFLAGS: 00010246 ORIG_RAX: ffffffffffffff11
[  573.479137] RAX: ffffffffb87cfa40 RBX: 0000000000000000 RCX: 0000000000000000
[  573.503093] RDX: 0000000000000000 RSI: 0000000000000000 RDI: 0000000000000000
[  573.527748] RBP: ffffffffb9203e28 R08: 0000000000000002 R09: 0000000000000001
[  573.552579] R10: 0000000000000000 R11: 00000000000002a6 R12: 0000000000000000
[  573.577202] R13: 0000000000000000 R14: 0000000000000000 R15: 0000000000000000
[  573.602968]  ? __sched_text_end+0x1/0x1
[  573.615078]  default_idle+0x20/0x100
[  573.628157]  arch_cpu_idle+0x15/0x20
[  573.639142]  default_idle_call+0x23/0x30
[  573.652445]  do_idle+0x172/0x1f0
[  573.666530]  cpu_startup_entry+0x73/0x80
[  573.678762]  rest_init+0xae/0xb0
[  573.691976]  start_kernel+0x4c9/0x4ed
[  573.703337]  x86_64_start_reservations+0x24/0x26
[  573.717826]  x86_64_start_kernel+0x8e/0x91
[  573.734337]  secondary_startup_64+0xa5/0xb0
Begin: Loading essential drivers ... [  578.969568] raid6: sse2x1   gen()  2104 MB/s
[  579.033137] raid6: sse2x1   xor()  1592 MB/s
[  579.092812] raid6: sse2x2   gen()  4355 MB/s
[  579.148473] raid6: sse2x2   xor()  2927 MB/s
[  579.209203] raid6: sse2x4   gen()  3799 MB/s
[  579.268926] raid6: sse2x4   xor()  2866 MB/s
[  579.281233] raid6: using algorithm sse2x2 gen() 4355 MB/s
[  579.298187] raid6: .... xor() 2927 MB/s, rmw enabled
[  579.313224] raid6: using ssse3x2 recovery algorithm
[  579.337591] xor: measuring software checksum speed
[  579.392503]    prefetch64-sse:  5838.000 MB/sec
[  579.446022]    generic_sse:  6395.000 MB/sec
[  579.460004] xor: using function: generic_sse (6395.000 MB/sec)
[  579.485713] async_tx: api initialized (async)
done.
Begin: Running /scripts/init-premount ... done.
Begin: Mounting root file system ... Begin: Running /scripts/local-top ... done.
Begin: Running /scripts/local-premount ... [  579.760499] Btrfs loaded, crc32c=crc32c-intel
Scanning for Btrfs filesystems
done.
Warning: fsck not present, so skipping root file system
[  580.102327] EXT4-fs (sda1): mounted filesystem with ordered data mode. Opts: (null)
done.
Begin: Running /scripts/local-bottom ... done.
Begin: Running /scripts/init-bottom ... done.
[  581.950987] ip_tables: (C) 2000-2006 Netfilter Core Team
[  582.126808] systemd[1]: systemd 237 running in system mode. (+PAM +AUDIT +SELINUX +IMA +APPARMOR +SMACK +SYSVINIT +UTMP +LIBCRYPTSETUP +GCRYPT +GNUTLS +ACL +XZ +LZ4 +SECCOMP +BLKID +ELFUTILS +KMOD -IDN2 +IDN -PCRE2 default-hierarchy=hybrid)
[  582.206115] systemd[1]: Detected virtualization oracle.
[  582.227003] systemd[1]: Detected architecture x86-64.

Welcome to [1mUbuntu 18.04.6 LTS[0m!

[  582.470291] systemd[1]: Set hostname to <ubuntu>.
[  582.520646] systemd[1]: Initializing machine ID from random generator.
[  582.543338] systemd[1]: Installed transient /etc/machine-id file.
[  585.001182] systemd[1]: Reached target Mounting snaps.
[[0;32m  OK  [0m] Reached target Mounting snaps.
[  585.030319] systemd[1]: Started Forward Password Requests to Wall Directory Watch.
[[0;32m  OK  [0m] Started Forward Password Requests to Wall Directory Watch.
[  585.105419] systemd[1]: Created slice User and Session Slice.
[[0;32m  OK  [0m] Created slice User and Session Slice.
[  585.136008] systemd[1]: Reached target User and Group Name Lookups.
[[0;32m  OK  [0m] Reached target User and Group Name Lookups.
[[0;32m  OK  [0m] Created slice System Slice.
[[0;32m  OK  [0m] Listening on fsck to fsckd communication Socket.
[[0;32m  OK  [0m] Listening on Journal Socket.
         Mounting Kernel Debug File System...
         Starting Uncomplicated firewall...
[[0;32m  OK  [0m] Listening on udev Kernel Socket.
[[0;32m  OK  [0m] Listening on Journal Audit Socket.
         Starting Create list of required st…ce nodes for the current kernel...
[[0;32m  OK  [0m] Listening on Syslog Socket.
[[0;32m  OK  [0m] Listening on Device-mapper event daemon FIFOs.
[[0;32m  OK  [0m] Listening on LVM2 poll daemon socket.
         Mounting POSIX Message Queue File System...
[[0;32m  OK  [0m] Listening on udev Control Socket.
         Starting udev Coldplug all Devices...
[[0;32m  OK  [0m] Listening on LVM2 metadata daemon socket.
[[0;32m  OK  [0m] Listening on /dev/initctl Compatibility Named Pipe.
[[0;32m  OK  [0m] Reached target Slices.
         Starting File System Check on Root Device...
[[0;32m  OK  [0m] Set up automount Arbitrary Executab…rmats File System Automount Point.
[[0;32m  OK  [0m] Reached target System Time Synchronized.
[[0;32m  OK  [0m] Reached target Mounted snaps.
         Starting Set the console keyboard layout...
         Mounting Huge Pages File System...
[[0;32m  OK  [0m] Listening on Journal Socket (/dev/log).
         Starting Journal Service...
         Starting Monitoring of LVM2 mirrors…ng dmeventd or progress polling...
[[0;32m  OK  [0m] Listening on Network Service Netlink Socket.
[[0;32m  OK  [0m] Reached target Swap.
[[0;32m  OK  [0m] Created slice system-serial\x2dgetty.slice.
         Starting Load Kernel Modules...
[[0;32m  OK  [0m] Started Journal Service.
[[0;32m  OK  [0m] Mounted Kernel Debug File System.
[[0;32m  OK  [0m] Started Uncomplicated firewall.
[[0;32m  OK  [0m] Started Create list of required sta…vice nodes for the current kernel.
[[0;32m  OK  [0m] Mounted POSIX Message Queue File System.
[[0;32m  OK  [0m] Started File System Check on Root Device.
[[0;32m  OK  [0m] Mounted Huge Pages File System.
[[0;32m  OK  [0m] Started File System Check Daemon to report status.
         Starting Remount Root and Kernel File Systems...
         Starting Create Static Device Nodes in /dev...
[[0;32m  OK  [0m] Started udev Coldplug all Devices.
[[0;32m  OK  [0m] Started LVM2 metadata daemon.
[  586.285746] Loading iSCSI transport class v2.0-870.
[  586.451186] iscsi: registered transport (tcp)
[  586.468221] EXT4-fs (sda1): re-mounted. Opts: (null)
[[0;32m  OK  [0m] Started Remount Root and Kernel File Systems.
         Starting Load/Save Random Seed...
         Starting Flush Journal to Persistent Storage...
[[0;32m  OK  [0m] Started Monitoring of LVM2 mirrors,…sing dmeventd or progress polling.
[  586.902717] systemd-journald[411]: Received request to flush runtime journal from PID 1
[[0;32m  OK  [0m] Started Load/Save Random Seed.
[[0;32m  OK  [0m] Started Create Static Device Nodes in /dev.
         Starting udev Kernel Device Manager...
[[0;32m  OK  [0m] Started Flush Journal to Persistent Storage.
[  587.366970] iscsi: registered transport (iser)
[[0;32m  OK  [0m] Started Load Kernel Modules.
         Mounting Kernel Configuration File System...
         Starting Apply Kernel Variables...
         Mounting FUSE Control File System...
[[0;32m  OK  [0m] Mounted Kernel Configuration File System.
[[0;32m  OK  [0m] Mounted FUSE Control File System.
[[0;32m  OK  [0m] Started Apply Kernel Variables.
[[0;32m  OK  [0m] Started udev Kernel Device Manager.
[[0;32m  OK  [0m] Found device /dev/ttyS0.
[[0;32m  OK  [0m] Listening on Load/Save RF Kill Switch Status /dev/rfkill Watch.
         Mounting Arbitrary Executable File Formats File System...
[[0;32m  OK  [0m] Mounted Arbitrary Executable File Formats File System.
[[0;32m  OK  [0m] Started Set the console keyboard layout.
[[0;32m  OK  [0m] Started Dispatch Password Requests to Console Directory Watch.
[[0;32m  OK  [0m] Reached target Local Encrypted Volumes.
[[0;32m  OK  [0m] Reached target Local File Systems (Pre).
[[0;32m  OK  [0m] Reached target Local File Systems.
         Starting Commit a transient machine-id on disk...
         Starting ebtables ruleset management...
         Starting Create Volatile Files and Directories...
         Starting Tell Plymouth To Write Out Runtime Data...
         Starting AppArmor initialization...
         Starting Set console font and keymap...
[[0;32m  OK  [0m] Started Tell Plymouth To Write Out Runtime Data.
[[0;32m  OK  [0m] Started Commit a transient machine-id on disk.
[[0;32m  OK  [0m] Started Create Volatile Files and Directories.
         Starting Update UTMP about System Boot/Shutdown...
[[0;32m  OK  [0m] Started Update UTMP about System Boot/Shutdown.
[[0;32m  OK  [0m] Started ebtables ruleset management.
[[0;32m  OK  [0m] Started AppArmor initialization.
         Starting Load AppArmor profiles managed internally by snapd...
         Starting Initial cloud-init job (pre-networking)...
[[0;32m  OK  [0m] Started Load AppArmor profiles managed internally by snapd.
[[0;32m  OK  [0m] Started Set console font and keymap.
[  607.827097] cloud-init[767]: Cloud-init v. 23.1.2-0ubuntu0~18.04.1 running 'init-local' at Tue, 06 Aug 2024 05:05:15 +0000. Up 606.09 seconds.
[[0;32m  OK  [0m] Started Initial cloud-init job (pre-networking).
[[0;32m  OK  [0m] Reached target Network (Pre).
         Starting Network Service...
[[0;32m  OK  [0m] Started Network Service.
         Starting Network Name Resolution...
         Starting Wait for Network to be Configured...
[[0;32m  OK  [0m] Started Network Name Resolution.
[[0;32m  OK  [0m] Reached target Network.
[[0;32m  OK  [0m] Reached target Host and Network Name Lookups.
[[0;32m  OK  [0m] Started Wait for Network to be Configured.
         Starting Initial cloud-init job (metadata service crawler)...
[  612.241485] cloud-init[901]: Cloud-init v. 23.1.2-0ubuntu0~18.04.1 running 'init' at Tue, 06 Aug 2024 05:05:21 +0000. Up 611.62 seconds.
[  612.255680] cloud-init[901]: ci-info: ++++++++++++++++++++++++++++++++++++++Net device info+++++++++++++++++++++++++++++++++++++++
[  612.267996] cloud-init[901]: ci-info: +--------+-------+----------------------------+---------------+--------+-------------------+
[  612.282136] cloud-init[901]: ci-info: | Device |   Up  |          Address           |      Mask     | Scope  |     Hw-Address    |
[  612.295699] cloud-init[901]: ci-info: +--------+-------+----------------------------+---------------+--------+-------------------+
[  612.310546] cloud-init[901]: ci-info: | enp0s3 |  True |         10.0.2.15          | 255.255.255.0 | global | 02:3b:7b:b7:3b:2d |
[  612.325126] cloud-init[901]: ci-info: | enp0s3 |  True | fe80::3b:7bff:feb7:3b2d/64 |       .       |  link  | 02:3b:7b:b7:3b:2d |
[  612.339036] cloud-init[901]: ci-info: | enp0s8 | False |             .              |       .       |   .    | 08:00:27:29:e0:9b |
[  612.351765] cloud-init[901]: ci-info: |   lo   |  True |         127.0.0.1          |   255.0.0.0   |  host  |         .         |
[  612.365963] cloud-init[901]: ci-info: |   lo   |  True |          ::1/128           |       .       |  host  |         .         |
[  612.381464] cloud-init[901]: ci-info: +--------+-------+----------------------------+---------------+--------+-------------------+
[  612.405709] cloud-init[901]: ci-info: ++++++++++++++++++++++++++++Route IPv4 info+++++++++++++++++++++++++++++
[  612.427541] cloud-init[901]: ci-info: +-------+-------------+----------+-----------------+-----------+-------+
[  612.447149] cloud-init[901]: ci-info: | Route | Destination | Gateway  |     Genmask     | Interface | Flags |
[  612.467909] cloud-init[901]: ci-info: +-------+-------------+----------+-----------------+-----------+-------+
[  612.493134] cloud-init[901]: ci-info: |   0   |   0.0.0.0   | 10.0.2.2 |     0.0.0.0     |   enp0s3  |   UG  |
[  612.517706] cloud-init[901]: ci-info: |   1   |   10.0.2.0  | 0.0.0.0  |  255.255.255.0  |   enp0s3  |   U   |
[  612.542998] cloud-init[901]: ci-info: |   2   |   10.0.2.2  | 0.0.0.0  | 255.255.255.255 |   enp0s3  |   UH  |
[  612.573627] cloud-init[901]: ci-info: +-------+-------------+----------+-----------------+-----------+-------+
[  612.600410] cloud-init[901]: ci-info: +++++++++++++++++++Route IPv6 info+++++++++++++++++++
[  612.623916] cloud-init[901]: ci-info: +-------+-------------+---------+-----------+-------+
[  612.645355] cloud-init[901]: ci-info: | Route | Destination | Gateway | Interface | Flags |
[  612.667224] cloud-init[901]: ci-info: +-------+-------------+---------+-----------+-------+
[  612.691734] cloud-init[901]: ci-info: |   1   |  fe80::/64  |    ::   |   enp0s3  |   U   |
[  612.717856] cloud-init[901]: ci-info: |   3   |    local    |    ::   |   enp0s3  |   U   |
[  612.728021] cloud-init[901]: ci-info: |   4   |   ff00::/8  |    ::   |   enp0s3  |   U   |
[  612.738779] cloud-init[901]: ci-info: +-------+-------------+---------+-----------+-------+


[  617.461229] cloud-init[901]: Generating public/private rsa key pair.
[  617.477573] cloud-init[901]: Your identification has been saved in /etc/ssh/ssh_host_rsa_key.
[  617.496373] cloud-init[901]: Your public key has been saved in /etc/ssh/ssh_host_rsa_key.pub.
[  617.522361] cloud-init[901]: The key fingerprint is:
[  617.539163] cloud-init[901]: SHA256:9QcroTjx6LGedsvKMymDQLOaz1w2yIj00sOBuw+1tog root@ubuntu-bionic
[  617.560523] cloud-init[901]: The key's randomart image is:
[  617.580330] cloud-init[901]: +---[RSA 2048]----+
[  617.599091] cloud-init[901]: |                 |
[  617.615818] cloud-init[901]: |                 |
[  617.633475] cloud-init[901]: |      .   o .    |
[  617.650605] cloud-init[[0;32m  OK  [0m] Started Initial cloud-init job (metadata service crawler).
[[0;32m  OK  [0m] Reached target System Initialization.
[[0;32m  OK  [0m] Started Daily Cleanup of Temporary Directories.
[[0;32m  OK  [0m] Listening on UUID daemon activation socket.
[[0;32m  OK  [0m] Started Daily apt download activities.
[901]: | o.    = o o o   |
[  617.697786] cloud-init[901]: |.ooo  = S . o .  |
[  617.703025] cloud-init[901]: |++*.o. +   . .   |
[  617.709515] cloud-init[901]: |+*oO+ o.         |
[  617.715621] cloud-init[901]: |+oBo=+=o.        |
[  617.721899] cloud-init[901]: |E+=o +==o.       |
[  617.727463] cloud-init[901]: +----[SHA256]-----+
[  617.733752] cloud-init[901]: Generating public/private dsa key pair.
[  617.741670] cloud-init[901]: Your identification has been saved in /etc/ssh/ssh_host_dsa_key.
[  617.751899] cloud-init[901]: Your public key has been saved in /etc/ssh/ssh_host_dsa_key.pub.
[  617.763985] cloud-init[901]: The key fingerprint is:
[  617.770343] cloud-init[901]: SHA256:Qw2QFHz/4NsS99WQrTSWheFdYMgNaou8tylbh6M0G8U root@ubuntu-bionic
[  617.781819] cloud-init[901]: The key's randomart image is:
[  617.787750] cloud-init[901]: +---[DSA 1024]----+
[  617.793222] cloud-init[901]: |     o++.  ..+++.|
[  617.798870] cloud-init[901]: |      o .o .ooo.o|
[  617.806154] cloud-init[901]: |       ...+   .=.|
[  617.812173] cloud-init[901]: |       o +o.  B .|
[  617.818320] cloud-init[901]: |        S.Eo o +.|
[  617.825189] cloud-init[901]: |         +o.o . o|
[  617.830940] cloud-init[901]: |        = ==.. . |
[  617.837149] cloud-init[901]: |       ..Bo=. .  |
[  617.843447] cloud-init[901]: |        +oo.     |
[  617.850229] cloud-init[901]: +----[SHA256]-----+
[  617.855790] cloud-init[901]: Generating public/private ecdsa key pair.
[  617.864316] cloud-init[901]: Your identification has been saved in /etc/ssh/ssh_host_ecdsa_key.
[  617.876918] cloud-init[901]: Your public key has been saved in /etc/ssh/ssh_host_ecdsa_key.pub.
[  617.887067] cloud-init[901]: The key fingerprint is:
[  617.893355] cloud-init[901]: SHA256:87pYjohdkJEW/XImKwce9d1BKGyMSE9Mkc3C3m5kjwc root@ubuntu-bionic
[  617.903677] cloud-init[901]: The key's randomart image is:
[  617.911070] cloud-init[901]: +---[ECDSA 256]---+
[  617.917285] cloud-init[901]: |   .o*+O   o.    |
[  617.923412] cloud-init[901]: |    .=O B . .    |
[  617.930601] cloud-init[901]: |    +o.* o . .   |
[  617.935715] cloud-init[901]: |   .oo+ E . .    |
[  617.942916] cloud-init[901]: |   .oo XS+       |
[  617.950114] cloud-init[901]: |    o.o +oo      |
[  617.957176] cloud-init[901]: |     o.....      |
[  617.963232] cloud-init[901]: |   o o = .       |
[  617.972904] cloud-init[901]: |  . o o +.       |
[  617.981203] cloud-init[901]: +----[SHA256]-----+
[  617.990382] cloud-init[901]: Generating public/private ed25519 key pair.
[  618.002511] cloud-init[901]: Your identification has been saved in /etc/ssh/ssh_host_ed25519_key.
[  618.017701] cloud-init[901]: Your public key has been saved in /etc/ssh/ssh_host_ed25519_key.pub.
[  618.030032] cloud-init[901]: The key fingerprint is:
[  618.039184] cloud-init[901]: SHA256:F9LNmX5KCnb4ayoZAhG0vilyHTWKqZkzP8VN+9T8OVo root@ubuntu-bionic
[  618.052652] cloud-init[901]: The key's randomart image is:
[  618.061167] cloud-init[901]: +--[ED25519 256]--+
[  618.067722] cloud-init[901]: | .o.             |
[  618.075634] cloud-init[901]: |  ..     . o o   |
[  618.085118] cloud-init[901]: |  ..  o . o =    |         Starting LXD - unix socket.

[[0;32m  OK  [0m] Started Daily apt upgrade and clean activities.
[  618.122318] cloud-init[[0;32m  OK  [0m] Started ACPI Events Check.
         Starting Socket activation for snappy daemon.
[901]: [[0;32m  OK  [0m] Listening on cloud-init hotplug hook socket.
[[0;32m  OK  [0m] Started Discard unused blocks once a week.
[[0;32m  OK  [0m] Listening on Open-iSCSI iscsid Socket.
[[0;32m  OK  [0m] Listening on ACPID Listen Socket.
[[0;32m  OK  [0m] Reached target Paths.
[[0;32m  OK  [0m| ..o o.. o o     |] Listening on D-Bus System Message Bus Socket.
[[0;32m  OK  [0m] Started Message of the Day.
[[0;32m  OK  [0m] Started Ubuntu Advantage Timer for running repeated jobs.
[[0;32m  OK  [0m] Reached target Timers.
[[0;32m  OK  [0m] Reached target Cloud-config availability.
[[0;32m  OK  [0m] Reached target Network is Online.

[[0;32m  OK  [0m] Reached target Remote File Systems (Pre).
[[0;32m  OK  [0m] Reached target Remote File Systems.
         Starting Availability of block devices...
[[0;32m  OK  [0m] Listening on LXD - unix socket.
[[0;32m  OK  [0m] Listening on Socket activation for snappy daemon.
[[0;32m  OK  [0m] Reached target Sockets.
[[0;32m  OK  [0m] [  618.255316] cloud-init[901]: |  +ooo .Soo o .  |
[  618.290534] cloud-init[901]: | + ++.+..=oo o   |
[  618.290667] cloud-init[901]: |O +... =  o.E.   |
[  618.293011] cloud-init[901]: |.*.   o . .o+    |
[  618.295735] cloud-init[901]: |  ..   ..oo. .   |
[  618.306657] cloud-init[901]: +----[SHA256]-----+
Reached target Basic System.
         Starting Accounts Service...
         Starting Login Service...
         Starting Dispatcher daemon for systemd-networkd...
[[0;32m  OK  [0m] Started irqbalance daemon.
         Starting LSB: Record successful boot for GRUB...
         Starting System Logging Service...
         Starting Permit User Sessions...
         Starting Pollinate to seed the pseudo random number generator...
[[0;32m  OK  [0m] Started Regular background program processing daemon.
[[0;32m  OK  [0m] Started D-Bus System Message Bus.
[[0;32m  OK  [0m] Started Login Service.
         Starting Virtualbox guest utils...
[[0;32m  OK  [0m] Reached target Login Prompts (Pre).
[[0;32m  OK  [0m] Started Deferred execution scheduler.
         Starting LSB: automatic crash report generation...
[[0;32m  OK  [0m] Started Unattended Upgrades Shutdown.
         Starting Snap Daemon...
[[0;32m  OK  [0m] Started FUSE filesystem for LXC.
         Starting LXD - container startup/shutdown...
[[0;32m  OK  [0m] Started System Logging Service.
[[0;32m  OK  [0m] Started Dispatcher daemon for systemd-networkd.
[[0;32m  OK  [0m] Started Availability of block devices.
[[0;32m  OK  [0m] Started Permit User Sessions.
         Starting Authorization Manager...
         Starting Terminate Plymouth Boot Screen...
         Starting Hold until boot process finishes up...
[[0;32m  OK  [0m] Started Terminate Plymouth Boot Screen.
[[0;32m  OK  [0m] Started Hold until boot process finishes up.
         Starting Set console scheme...
[[0;32m  OK  [0m] Started Serial Getty on ttyS0.
[[0;32m  OK  [0m] Started LSB: automatic crash report generation.
[[0;32m  OK  [0m] Started Set console scheme.
[[0;32m  OK  [0m] Created slice system-getty.slice.
[[0;32m  OK  [0m] Started Getty on tty1.
[[0;32m  OK  [0m] Reached target Login Prompts.
[[0;32m  OK  [0m] Started LSB: Record successful boot for GRUB.
[[0;32m  OK  [0m] Started Authorization Manager.
[[0;32m  OK  [0m] Started Accounts Service.
[[0;32m  OK  [0m] Started Virtualbox guest utils.


Ubuntu 18.04.6 LTS ubuntu-bionic ttyS0

ubuntu-bionic login: [  643.065375] cloud-init[1459]: Cloud-init v. 23.1.2-0ubuntu0~18.04.1 running 'modules:config' at Tue, 06 Aug 2024 05:05:48 +0000. Up 639.36 seconds.
ci-info: no authorized SSH keys fingerprints found for user ubuntu.
<14>Aug  6 05:05:56 cloud-init: #############################################################
<14>Aug  6 05:05:56 cloud-init: -----BEGIN SSH HOST KEY FINGERPRINTS-----
<14>Aug  6 05:05:56 cloud-init: 1024 SHA256:Qw2QFHz/4NsS99WQrTSWheFdYMgNaou8tylbh6M0G8U root@ubuntu-bionic (DSA)
<14>Aug  6 05:05:56 cloud-init: 256 SHA256:87pYjohdkJEW/XImKwce9d1BKGyMSE9Mkc3C3m5kjwc root@ubuntu-bionic (ECDSA)
<14>Aug  6 05:05:56 cloud-init: 256 SHA256:F9LNmX5KCnb4ayoZAhG0vilyHTWKqZkzP8VN+9T8OVo root@ubuntu-bionic (ED25519)
<14>Aug  6 05:05:56 cloud-init: 2048 SHA256:9QcroTjx6LGedsvKMymDQLOaz1w2yIj00sOBuw+1tog root@ubuntu-bionic (RSA)
<14>Aug  6 05:05:56 cloud-init: -----END SSH HOST KEY FINGERPRINTS-----
<14>Aug  6 05:05:56 cloud-init: #############################################################
-----BEGIN SSH HOST KEY KEYS-----
ecdsa-sha2-nistp256 AAAAE2VjZHNhLXNoYTItbmlzdHAyNTYAAAAIbmlzdHAyNTYAAABBBGN10xGpSTod0XRqpFjPksmYsTOG8nxHewG/hOE5MWmvTL7zXgN5KjBHUl9DNvob+Ax2lCLynbPBBVM0OHe9Dw0= root@ubuntu-bionic
ssh-ed25519 AAAAC3NzaC1lZDI1NTE5AAAAIL1OoDmikDiaHxUciAnX+XMuqbZi5UlyEXwsUtzdTbS7 root@ubuntu-bionic
ssh-rsa AAAAB3NzaC1yc2EAAAADAQABAAABAQC0eOi1p+rvPBNltju4aa+101Uuz+F1fFwKq25zYCvDNXDIjmCP4ZMyO2Z5rjLITX3dX6WlKT2NS9eYwDx/V2ROcHLCQLaRfckbTonsnciT9j/9xGpOy5ut+shO/aRksJZhk1TTsOVwdQ5lfk8otgREb0/CCI8YssGRBtWf7VFylEKXmj0D0Xi8hqj6/wAF8SYRC2O7dPu9b/8vFrMzJgEfdKamL8C+fPCEXfM7MELjfgCpMwTp32C5ZkU5k5Lho32U18p8phxwzb/1a5sgWtD3IwY3gYaj90YBs0b5CE+KX9egD5UmorxGCsKtloICytoNTaQ1IsohYqOp4oB+k3bz root@ubuntu-bionic
-----END SSH HOST KEY KEYS-----
[  647.064924] cloud-init[1497]: Cloud-init v. 23.1.2-0ubuntu0~18.04.1 running 'modules:final' at Tue, 06 Aug 2024 05:05:55 +0000. Up 645.77 seconds.
[  647.107580] cloud-init[1497]: Cloud-init v. 23.1.2-0ubuntu0~18.04.1 finished at Tue, 06 Aug 2024 05:05:56 +0000. Datasource DataSourceNoCloud [seed=/dev/sdb][dsmode=net].  Up 646.82 seconds
